Sun Feb 16 00:41:22 EST 2025
Slurm nodes: evc1
You were assigned 1 gpu(s)

Currently Loaded Modules:
  1) anaconda/anaconda-2023.09   2) cuda/cuda-12.3.0

 

	[4mGPU0	NIC0	CPU Affinity	NUMA Affinity	GPU NUMA ID[0m
GPU0	 X 	SYS	0,2	0		N/A
NIC0	SYS	 X 				

Legend:

  X    = Self
  SYS  = Connection traversing PCIe as well as the SMP interconnect between NUMA nodes (e.g., QPI/UPI)
  NODE = Connection traversing PCIe as well as the interconnect between PCIe Host Bridges within a NUMA node
  PHB  = Connection traversing PCIe as well as a PCIe Host Bridge (typically the CPU)
  PXB  = Connection traversing multiple PCIe bridges (without traversing the PCIe Host Bridge)
  PIX  = Connection traversing at most a single PCIe bridge
  NV#  = Connection traversing a bonded set of # NVLinks

NIC Legend:

  NIC0: mlx5_0

Sun Feb 16 00:41:24 2025       
+-----------------------------------------------------------------------------------------+
| NVIDIA-SMI 550.127.08             Driver Version: 550.127.08     CUDA Version: 12.4     |
|-----------------------------------------+------------------------+----------------------+
| GPU  Name                 Persistence-M | Bus-Id          Disp.A | Volatile Uncorr. ECC |
| Fan  Temp   Perf          Pwr:Usage/Cap |           Memory-Usage | GPU-Util  Compute M. |
|                                         |                        |               MIG M. |
|=========================================+========================+======================|
|   0  Tesla V100-PCIE-16GB           Off |   00000000:3B:00.0 Off |                    0 |
| N/A   33C    P0             35W /  250W |       1MiB /  16384MiB |      1%      Default |
|                                         |                        |                  N/A |
+-----------------------------------------+------------------------+----------------------+
                                                                                         
+-----------------------------------------------------------------------------------------+
| Processes:                                                                              |
|  GPU   GI   CI        PID   Type   Process name                              GPU Memory |
|        ID   ID                                                               Usage      |
|=========================================================================================|
|  No running processes found                                                             |
+-----------------------------------------------------------------------------------------+

Start:
Zero Shot Classifcation: GEMMA2-27B
Sample 1: neutral
Sample 2: negative
Sample 3: negative
Sample 4: negative
Sample 5: neutral
Sample 6: negative
Sample 7: negative
Sample 8: negative
Sample 9: negative
Sample 10: negative
Sample 11: neutral
Sample 12: positive
Sample 13: positive
Sample 14: positive
Sample 15: negative
Sample 16: positive
Sample 17: neutral
Sample 18: positive
Sample 19: negative
Sample 20: negative
Sample 21: positive
Sample 22: negative
Sample 23: positive
Sample 24: positive
Sample 25: negative
Sample 26: positive
Sample 27: neutral
Sample 28: positive
Sample 29: neutral
Sample 30: neutral
Sample 31: neutral
Sample 32: negative
Sample 33: negative
Sample 34: neutral
Sample 35: positive
Sample 36: positive
Sample 37: positive
Sample 38: negative
Sample 39: positive
Sample 40: neutral
Sample 41: neutral
Sample 42: positive
Sample 43: negative
Sample 44: positive
Sample 45: negative
Sample 46: positive
Sample 47: neutral
Sample 48: negative
Sample 49: negative
Sample 50: negative
Sample 51: negative
Sample 52: positive
Sample 53: negative
Sample 54: positive
Sample 55: negative
Sample 56: negative
Sample 57: negative
Sample 58: neutral
Sample 59: negative
Sample 60: negative
Sample 61: negative
Sample 62: positive
Sample 63: neutral
Sample 64: neutral
Sample 65: negative
Sample 66: negative
Sample 67: negative
Sample 68: positive
Sample 69: negative
Sample 70: positive
Sample 71: neutral
Sample 72: positive
Sample 73: neutral
Sample 74: negative
Sample 75: negative
Sample 76: negative
Sample 77: negative
Sample 78: positive
Sample 79: negative
Sample 80: positive
Sample 81: positive
Sample 82: positive
Sample 83: negative
Sample 84: negative
Sample 85: negative
Sample 86: neutral
Sample 87: neutral
Sample 88: neutral
Sample 89: negative
Sample 90: positive
Sample 91: negative
Sample 92: positive
Sample 93: negative
Sample 94: negative
Sample 95: negative
Sample 96: negative
Sample 97: negative
Sample 98: positive
Sample 99: positive
Sample 100: negative
Sample 101: negative
Sample 102: negative
Sample 103: negative
Sample 104: positive
Sample 105: neutral
Sample 106: positive
Sample 107: negative
Sample 108: negative
Sample 109: neutral
Sample 110: negative
Sample 111: negative
Sample 112: negative
Sample 113: negative
Sample 114: negative
Sample 115: negative
Sample 116: negative
Sample 117: neutral
Sample 118: negative
Sample 119: negative
Sample 120: negative
Sample 121: positive
Sample 122: positive
Sample 123: positive
Sample 124: positive
Sample 125: negative
Sample 126: negative
Sample 127: negative
Sample 128: negative
Sample 129: positive
Sample 130: negative
Sample 131: neutral
Sample 132: neutral
Sample 133: positive
Sample 134: negative
Sample 135: negative
Sample 136: positive
Sample 137: negative
Sample 138: negative
Sample 139: positive
Sample 140: positive
Sample 141: neutral
Sample 142: negative
Sample 143: positive
Sample 144: negative
Sample 145: negative
Sample 146: positive
Sample 147: positive
Sample 148: negative
Sample 149: negative
Sample 150: positive
Sample 151: neutral
Sample 152: positive
Sample 153: negative
Sample 154: negative
Sample 155: negative
Sample 156: negative
Sample 157: negative
Sample 158: neutral
Sample 159: neutral
Sample 160: negative
Sample 161: negative
Sample 162: negative
Sample 163: positive
Sample 164: negative
Sample 165: negative
Sample 166: positive
Sample 167: negative
Sample 168: neutral
Sample 169: neutral
Sample 170: positive
Sample 171: negative
Sample 172: negative
Sample 173: positive
Sample 174: negative
Sample 175: negative
Sample 176: negative
Sample 177: negative
Sample 178: negative
Sample 179: negative
Sample 180: negative
Sample 181: negative
Sample 182: negative
Sample 183: neutral
Sample 184: negative
Sample 185: negative
Sample 186: negative
Sample 187: negative
Sample 188: negative
Sample 189: negative
Sample 190: positive
Sample 191: neutral
Sample 192: positive
Sample 193: positive
Sample 194: negative
Sample 195: positive
Sample 196: negative
Sample 197: positive
Sample 198: negative
Sample 199: neutral
Sample 200: neutral
Sample 201: negative
Sample 202: neutral
Sample 203: neutral
Sample 204: negative
Sample 205: negative
Sample 206: negative
Sample 207: positive
Sample 208: positive
Sample 209: neutral
Sample 210: negative
Sample 211: positive
Sample 212: neutral
Sample 213: negative
Sample 214: neutral
Sample 215: positive
Sample 216: negative
Sample 217: negative
Sample 218: negative
Sample 219: negative
Sample 220: positive
Sample 221: negative
Sample 222: neutral
Sample 223: positive
Sample 224: negative
Sample 225: negative
Sample 226: negative
Sample 227: negative
Sample 228: positive
Sample 229: negative
Sample 230: positive
Sample 231: neutral
Sample 232: negative
Sample 233: negative
Sample 234: negative
Sample 235: positive
Sample 236: negative
Sample 237: negative
Sample 238: positive
Sample 239: negative
Sample 240: neutral
Sample 241: negative
Sample 242: negative
Sample 243: positive
Sample 244: positive
Sample 245: positive
Sample 246: negative
Sample 247: positive
Sample 248: negative
Sample 249: negative
Sample 250: negative
Sample 251: negative
Sample 252: positive
Sample 253: negative
Sample 254: negative
Sample 255: positive
Sample 256: positive
Sample 257: negative
Sample 258: negative
Sample 259: negative
Sample 260: neutral
Sample 261: positive
Sample 262: positive
Sample 263: negative
Sample 264: negative
Sample 265: negative
Sample 266: neutral
Sample 267: negative
Sample 268: neutral
Sample 269: neutral
Sample 270: positive
Sample 271: positive
Sample 272: neutral
Sample 273: negative
Sample 274: negative
Sample 275: negative
Sample 276: negative
Sample 277: positive
Sample 278: negative
Sample 279: negative
Sample 280: negative
Sample 281: negative
Sample 282: negative
Sample 283: negative
Sample 284: positive
Sample 285: negative
Sample 286: positive
Sample 287: positive
Sample 288: neutral
Sample 289: negative
Sample 290: positive
Sample 291: positive
Sample 292: neutral
Sample 293: neutral
Sample 294: positive
Sample 295: negative
Sample 296: positive
Sample 297: negative
Sample 298: neutral
Sample 299: negative
Sample 300: neutral
Sample 301: neutral
Sample 302: negative
Sample 303: negative
Sample 304: positive
Sample 305: neutral
Sample 306: positive
Sample 307: positive
Sample 308: negative
Sample 309: positive
Sample 310: negative
Sample 311: positive
Sample 312: neutral
Sample 313: positive
Sample 314: negative
Sample 315: neutral
Sample 316: positive
Sample 317: neutral
Sample 318: positive
Sample 319: negative
Sample 320: negative
Sample 321: neutral
Sample 322: negative
Sample 323: negative
Sample 324: negative
Sample 325: neutral
Sample 326: negative
Sample 327: positive
Sample 328: negative
Sample 329: negative
Sample 330: negative
Sample 331: neutral
Sample 332: neutral
Sample 333: positive
Sample 334: negative
Sample 335: negative
Sample 336: neutral
Sample 337: positive
Sample 338: negative
Sample 339: positive
Sample 340: positive
Sample 341: neutral
Sample 342: positive
Sample 343: positive
Sample 344: neutral
Sample 345: positive
Sample 346: negative
Sample 347: positive
Sample 348: neutral
Sample 349: positive
Sample 350: positive
Sample 351: negative
Sample 352: negative
Sample 353: neutral
Sample 354: negative
Sample 355: negative
Sample 356: neutral
Sample 357: positive
Sample 358: negative
Sample 359: neutral
Sample 360: neutral
Sample 361: neutral
Sample 362: negative
Sample 363: negative
Sample 364: positive
Sample 365: negative
Sample 366: positive
Sample 367: negative
Sample 368: positive
Sample 369: positive
Sample 370: neutral
Sample 371: positive
Sample 372: positive
Sample 373: positive
Sample 374: negative
Sample 375: negative
Sample 376: negative
Sample 377: neutral
Sample 378: negative
Sample 379: positive
Sample 380: neutral
Sample 381: positive
Sample 382: positive
Sample 383: negative
Sample 384: positive
Sample 385: positive
Sample 386: negative
Sample 387: negative
Sample 388: negative
Sample 389: positive
Sample 390: negative
Sample 391: negative
Sample 392: negative
Sample 393: negative
Sample 394: positive
Sample 395: negative
Sample 396: neutral
Sample 397: neutral
Sample 398: negative
Sample 399: positive
Sample 400: negative
Sample 401: negative
Sample 402: positive
Sample 403: negative
Sample 404: negative
Sample 405: negative
Sample 406: neutral
Sample 407: negative
Sample 408: neutral
Sample 409: negative
Sample 410: positive
Sample 411: neutral
Sample 412: neutral
Sample 413: positive
Sample 414: positive
Sample 415: neutral
Sample 416: negative
Sample 417: neutral
Sample 418: neutral
Sample 419: negative
Sample 420: positive
Sample 421: neutral
Sample 422: negative
Sample 423: negative
Sample 424: positive
Sample 425: negative
Sample 426: positive
Sample 427: negative
Sample 428: negative
Sample 429: positive
Sample 430: positive
Sample 431: positive
Sample 432: negative
Sample 433: positive
Sample 434: positive
Sample 435: positive
Sample 436: negative
Sample 437: negative
Sample 438: negative
Sample 439: negative
Sample 440: negative
Sample 441: neutral
Sample 442: negative
Sample 443: negative
Sample 444: negative
Sample 445: negative
Sample 446: positive
Sample 447: negative
Sample 448: positive
Sample 449: negative
Sample 450: neutral
Sample 451: neutral
Sample 452: neutral
Sample 453: negative
Sample 454: positive
Sample 455: negative
Sample 456: negative
Sample 457: positive
Sample 458: positive
Sample 459: positive
Sample 460: positive
Sample 461: negative
Sample 462: negative
Sample 463: negative
Sample 464: negative
Sample 465: negative
Sample 466: negative
Sample 467: negative
Sample 468: positive
Sample 469: negative
Sample 470: positive
Sample 471: negative
Sample 472: negative
Sample 473: negative
Sample 474: positive
Sample 475: neutral
Sample 476: neutral
Sample 477: negative
Sample 478: negative
Sample 479: positive
Sample 480: negative
Sample 481: neutral
Sample 482: negative
Sample 483: neutral
Sample 484: neutral
Sample 485: neutral
Sample 486: negative
Sample 487: positive
Sample 488: positive
Sample 489: positive
Sample 490: positive
Sample 491: positive
Sample 492: neutral
Sample 493: negative
Sample 494: positive
Sample 495: negative
Sample 496: negative
Sample 497: negative
Sample 498: negative
Sample 499: positive
Sample 500: negative
Sample 501: positive
Sample 502: negative
Sample 503: negative
Sample 504: neutral
Sample 505: positive
Sample 506: negative
Sample 507: neutral
Sample 508: negative
Sample 509: neutral
Sample 510: positive
Sample 511: negative
Sample 512: neutral
Sample 513: neutral
Sample 514: neutral
Sample 515: negative
Sample 516: positive
Sample 517: negative
Sample 518: negative
Sample 519: positive
Sample 520: negative
Sample 521: negative
Sample 522: positive
Sample 523: positive
Sample 524: negative
Sample 525: negative
Sample 526: neutral
Sample 527: neutral
Sample 528: negative
Sample 529: neutral
Sample 530: neutral
Sample 531: negative
Sample 532: negative
Sample 533: negative
Sample 534: neutral
Sample 535: negative
Sample 536: neutral
Sample 537: negative
Sample 538: positive
Sample 539: negative
Sample 540: positive
Sample 541: negative
Sample 542: negative
Sample 543: neutral
Sample 544: negative
Sample 545: positive
Sample 546: positive
Sample 547: negative
Sample 548: negative
Sample 549: negative
Sample 550: negative
Sample 551: positive
Sample 552: positive
Sample 553: negative
Sample 554: negative
Sample 555: neutral
Sample 556: negative
Sample 557: positive
Sample 558: positive
Sample 559: negative
Sample 560: positive
Sample 561: negative
Sample 562: neutral
Sample 563: negative
Sample 564: positive
Sample 565: neutral
Sample 566: negative
Sample 567: neutral
Sample 568: negative
Sample 569: negative
Sample 570: positive
Sample 571: negative
Sample 572: negative
Sample 573: negative
Sample 574: positive
Sample 575: positive
Sample 576: positive
Sample 577: negative
Sample 578: negative
Sample 579: negative
Sample 580: positive
Sample 581: negative
Sample 582: positive
Sample 583: positive
Sample 584: negative
Sample 585: neutral
Sample 586: negative
Sample 587: positive
Sample 588: positive
Sample 589: negative
Sample 590: positive
Sample 591: positive
Sample 592: negative
Sample 593: negative
Sample 594: negative
Sample 595: positive
Sample 596: positive
Sample 597: positive
Sample 598: neutral
Sample 599: negative
Sample 600: neutral
Sample 601: positive
Sample 602: negative
Sample 603: negative
Sample 604: negative
Sample 605: negative
Sample 606: neutral
Sample 607: negative
Sample 608: positive
Sample 609: neutral
Sample 610: neutral
Sample 611: negative
Sample 612: negative
Sample 613: positive
Sample 614: negative
Sample 615: neutral
Sample 616: positive
Sample 617: positive
Sample 618: negative
Sample 619: negative
Sample 620: positive
Sample 621: negative
Sample 622: positive
Sample 623: negative
Sample 624: negative
Sample 625: neutral
Sample 626: neutral
Sample 627: neutral
Sample 628: positive
Sample 629: positive
Sample 630: negative
Sample 631: neutral
Sample 632: positive
Sample 633: negative
Sample 634: positive
Sample 635: negative
Sample 636: negative
Sample 637: neutral
Sample 638: neutral
Sample 639: negative
Sample 640: negative
Sample 641: neutral
Sample 642: neutral
Sample 643: negative
Sample 644: negative
Sample 645: neutral
Sample 646: negative
Sample 647: neutral
Sample 648: negative
Sample 649: negative
Sample 650: positive
Sample 651: neutral
Sample 652: positive
Sample 653: positive
Sample 654: negative
Sample 655: negative
Sample 656: negative
Sample 657: positive
Sample 658: neutral
Sample 659: negative
Sample 660: positive
Sample 661: positive
Sample 662: positive
Sample 663: positive
Sample 664: negative
Sample 665: neutral
Sample 666: positive
Sample 667: negative
Sample 668: negative
Sample 669: negative
Sample 670: neutral
Sample 671: negative
Sample 672: negative
Sample 673: positive
Sample 674: neutral
Sample 675: positive
Sample 676: neutral
Sample 677: neutral
Sample 678: neutral
Sample 679: negative
Sample 680: positive
Sample 681: positive
Sample 682: neutral
Sample 683: positive
Sample 684: negative
Sample 685: negative
Sample 686: negative
Sample 687: neutral
Sample 688: negative
Sample 689: neutral
Sample 690: negative
Sample 691: negative
Sample 692: negative
Sample 693: positive
Sample 694: negative
Sample 695: neutral
Sample 696: negative
Sample 697: negative
Sample 698: neutral
Sample 699: positive
Sample 700: negative
Sample 701: negative
Sample 702: positive
Sample 703: negative
Sample 704: negative
Sample 705: positive
Sample 706: neutral
Sample 707: neutral
Sample 708: positive
Sample 709: neutral
Sample 710: positive
Sample 711: neutral
Sample 712: positive
Sample 713: neutral
Sample 714: negative
Sample 715: negative
Sample 716: negative
Sample 717: negative
Sample 718: negative
Sample 719: negative
Sample 720: neutral
Sample 721: positive
Sample 722: positive
Sample 723: neutral
Sample 724: negative
Sample 725: neutral
Sample 726: positive
Sample 727: negative
Sample 728: negative
Sample 729: neutral
Sample 730: positive
Sample 731: negative
Sample 732: positive
Sample 733: negative
Sample 734: negative
Sample 735: neutral
Sample 736: negative
Sample 737: neutral
Sample 738: neutral
Sample 739: neutral
Sample 740: positive
Sample 741: neutral
Sample 742: negative
Sample 743: neutral
Sample 744: negative
Sample 745: negative
Sample 746: negative
Sample 747: negative
Sample 748: negative
Sample 749: negative
Sample 750: negative
Sample 751: negative
Sample 752: negative
Sample 753: positive
Sample 754: positive
Sample 755: negative
Sample 756: neutral
Sample 757: neutral
Sample 758: negative
Sample 759: neutral
Sample 760: negative
Sample 761: positive
Sample 762: positive
Sample 763: negative
Sample 764: negative
Sample 765: positive
Sample 766: neutral
Sample 767: positive
Sample 768: negative
Sample 769: negative
Sample 770: positive
Sample 771: negative
Sample 772: positive
Sample 773: neutral
Sample 774: negative
Sample 775: positive
Sample 776: negative
Sample 777: positive
Sample 778: positive
Sample 779: neutral
Sample 780: negative
Sample 781: negative
Sample 782: negative
Sample 783: negative
Sample 784: negative
Sample 785: neutral
Sample 786: negative
Sample 787: negative
Sample 788: negative
Sample 789: neutral
Sample 790: negative
Sample 791: positive
Sample 792: neutral
Sample 793: neutral
Sample 794: negative
Sample 795: negative
Sample 796: neutral
Sample 797: negative
Sample 798: positive
Sample 799: neutral
Sample 800: neutral
Sample 801: negative
Sample 802: positive
Sample 803: negative
Sample 804: positive
Sample 805: negative
Sample 806: negative
Sample 807: neutral
Sample 808: neutral
Sample 809: negative
Sample 810: negative
Sample 811: negative
Sample 812: neutral
Sample 813: humor
Sample 814: neutral
Sample 815: negative
Sample 816: positive
Sample 817: neutral
Sample 818: negative
Sample 819: positive
Sample 820: negative
Sample 821: negative
Sample 822: positive
Sample 823: positive
Sample 824: negative
Sample 825: positive
Sample 826: neutral
Sample 827: negative
Sample 828: positive
Sample 829: positive
Sample 830: negative
Sample 831: positive
Sample 832: negative
Sample 833: positive
Sample 834: neutral
Sample 835: positive
Sample 836: negative
Sample 837: neutral
Sample 838: neutral
Sample 839: negative
Sample 840: neutral
Sample 841: positive
Sample 842: negative
Sample 843: negative
Sample 844: neutral
Sample 845: neutral
Sample 846: negative
Sample 847: negative
Sample 848: neutral
Sample 849: negative
Sample 850: negative
Sample 851: negative
Sample 852: negative
Sample 853: negative
Sample 854: negative
Sample 855: positive
Sample 856: positive
Sample 857: negative
Sample 858: neutral
Sample 859: neutral
Sample 860: positive
Sample 861: positive
Sample 862: negative
Sample 863: neutral
Sample 864: negative
Sample 865: negative
Sample 866: negative
Sample 867: negative
Sample 868: negative
Sample 869: positive
Sample 870: negative
Sample 871: positive
Sample 872: positive
Sample 873: neutral
Sample 874: negative
Sample 875: negative
Sample 876: negative
Sample 877: positive
Sample 878: positive
Sample 879: negative
Sample 880: negative
Sample 881: neutral
Sample 882: positive
Sample 883: positive
Sample 884: neutral
Sample 885: neutral
Sample 886: negative
Sample 887: positive
Sample 888: neutral
Sample 889: negative
Sample 890: negative
Sample 891: positive
Sample 892: negative
Sample 893: negative
Sample 894: negative
Sample 895: negative
Sample 896: positive
Sample 897: positive
Sample 898: negative
Sample 899: negative
Sample 900: negative
Sample 901: positive
Sample 902: neutral
Sample 903: positive
Sample 904: negative
Sample 905: negative
Sample 906: negative
Sample 907: neutral
Sample 908: neutral
Sample 909: negative
Sample 910: negative
Sample 911: positive
Sample 912: positive
Sample 913: positive
Sample 914: neutral
Sample 915: neutral
Sample 916: positive
Sample 917: positive
Sample 918: negative
Sample 919: neutral
Sample 920: positive
Sample 921: neutral
Sample 922: negative
Sample 923: negative
Sample 924: negative
Sample 925: negative
Sample 926: negative
Sample 927: negative
Sample 928: negative
Sample 929: negative
Sample 930: neutral
Sample 931: positive
Sample 932: negative
Sample 933: positive
Sample 934: negative
Sample 935: positive
Sample 936: negative
Sample 937: neutral
Sample 938: neutral
Sample 939: negative
Sample 940: neutral
Sample 941: negative
Sample 942: positive
Sample 943: negative
Sample 944: negative
Sample 945: positive
Sample 946: positive
Sample 947: neutral
Sample 948: negative
Sample 949: neutral
Sample 950: positive
Sample 951: positive
Sample 952: neutral
Sample 953: negative
Sample 954: negative
Sample 955: negative
Sample 956: positive
Sample 957: negative
Sample 958: negative
Sample 959: negative
Sample 960: negative
Sample 961: positive
Sample 962: neutral
Sample 963: negative
Sample 964: neutral
Sample 965: positive
Sample 966: negative
Sample 967: negative
Sample 968: neutral
Sample 969: positive
Sample 970: negative
Sample 971: negative
Sample 972: positive
Sample 973: neutral
Sample 974: negative
Sample 975: neutral
Sample 976: negative
Sample 977: neutral
Sample 978: neutral
Sample 979: negative
Sample 980: neutral
Sample 981: negative
Sample 982: neutral
Sample 983: neutral
Sample 984: positive
Sample 985: negative
Sample 986: negative
Sample 987: negative
Sample 988: positive
Sample 989: negative
Sample 990: negative
Sample 991: neutral
Sample 992: negative
Sample 993: negative
Sample 994: positive
Sample 995: negative
Sample 996: neutral
Sample 997: neutral
Sample 998: positive
Sample 999: neutral
Sample 1000: positive
Sample 1001: neutral
Sample 1002: negative
Sample 1003: positive
Sample 1004: neutral
Sample 1005: neutral
Sample 1006: negative
Sample 1007: negative
Sample 1008: negative
Sample 1009: negative
Sample 1010: negative
Sample 1011: positive
Sample 1012: positive
Sample 1013: positive
Sample 1014: negative
Sample 1015: negative
Sample 1016: negative
Sample 1017: negative
Sample 1018: negative
Sample 1019: negative
Sample 1020: positive
Sample 1021: neutral
Sample 1022: negative
Sample 1023: positive
Sample 1024: positive
Sample 1025: neutral
Sample 1026: negative
Sample 1027: negative
Sample 1028: negative
Sample 1029: neutral
Sample 1030: neutral
Sample 1031: negative
Sample 1032: negative
Sample 1033: negative
Sample 1034: positive
Sample 1035: neutral
Sample 1036: negative
Sample 1037: negative
Sample 1038: negative
Sample 1039: positive
Sample 1040: negative
Sample 1041: neutral
Sample 1042: negative
Sample 1043: positive
Sample 1044: neutral
Sample 1045: negative
Sample 1046: neutral
Sample 1047: negative
Sample 1048: negative
Sample 1049: neutral
Sample 1050: negative
Sample 1051: negative
Sample 1052: positive
Sample 1053: positive
Sample 1054: negative
Sample 1055: positive
Sample 1056: neutral
Sample 1057: negative
Sample 1058: negative
Sample 1059: negative
Sample 1060: neutral
Sample 1061: positive
Sample 1062: negative
Sample 1063: neutral
Sample 1064: negative
Sample 1065: positive
Sample 1066: positive
Sample 1067: neutral
Sample 1068: negative
Sample 1069: positive
Sample 1070: positive
Sample 1071: neutral
Sample 1072: positive
Sample 1073: neutral
Sample 1074: negative
Sample 1075: negative
Sample 1076: positive
Sample 1077: neutral
Sample 1078: negative
Sample 1079: negative
Sample 1080: negative
Sample 1081: positive
Sample 1082: negative
Sample 1083: negative
Sample 1084: negative
Sample 1085: negative
Sample 1086: negative
Sample 1087: positive
Sample 1088: neutral
Sample 1089: negative
Sample 1090: neutral
Sample 1091: neutral
Sample 1092: positive
Sample 1093: positive
Sample 1094: neutral
Sample 1095: neutral
Sample 1096: negative
Sample 1097: negative
Sample 1098: negative
Sample 1099: positive
Sample 1100: negative
Sample 1101: neutral
Sample 1102: negative
Sample 1103: negative
Sample 1104: negative
Sample 1105: negative
Sample 1106: negative
Sample 1107: negative
Sample 1108: negative
Sample 1109: positive
Sample 1110: negative
Sample 1111: positive
Sample 1112: neutral
Sample 1113: negative
Sample 1114: neutral
Sample 1115: negative
Sample 1116: negative
Sample 1117: negative
Sample 1118: positive
Sample 1119: neutral
Sample 1120: negative
Sample 1121: neutral
Sample 1122: neutral
Sample 1123: negative
Sample 1124: negative
Sample 1125: negative
Sample 1126: neutral
Sample 1127: negative
Sample 1128: negative
Sample 1129: neutral
Sample 1130: negative
Sample 1131: negative
Sample 1132: neutral
Sample 1133: negative
Sample 1134: neutral
Sample 1135: negative
Sample 1136: neutral
Sample 1137: negative
Sample 1138: negative
Sample 1139: neutral
Sample 1140: positive
Sample 1141: neutral
Sample 1142: positive
Sample 1143: negative
Sample 1144: negative
Sample 1145: negative
Sample 1146: negative
Sample 1147: negative
Sample 1148: negative
Sample 1149: negative
Sample 1150: negative
Sample 1151: neutral
Sample 1152: negative
Sample 1153: negative
Sample 1154: negative
Sample 1155: negative
Sample 1156: positive
Sample 1157: neutral
Sample 1158: positive
Sample 1159: negative
Sample 1160: negative
Sample 1161: positive
Sample 1162: neutral
Sample 1163: neutral
Sample 1164: negative
Sample 1165: neutral
Sample 1166: negative
Sample 1167: neutral
Sample 1168: negative
Sample 1169: negative
Sample 1170: negative
Sample 1171: positive
Sample 1172: neutral
Sample 1173: positive
Sample 1174: negative
Sample 1175: negative
Sample 1176: neutral
Sample 1177: positive
Sample 1178: negative
Sample 1179: neutral
Sample 1180: neutral
Sample 1181: neutral
Sample 1182: negative
Sample 1183: positive
Sample 1184: positive
Sample 1185: negative
Sample 1186: positive
Sample 1187: neutral
Sample 1188: neutral
Sample 1189: negative
Sample 1190: negative
Sample 1191: positive
Sample 1192: positive
Sample 1193: positive
Sample 1194: negative
Sample 1195: negative
Sample 1196: negative
Sample 1197: negative
Sample 1198: neutral
Sample 1199: neutral
Sample 1200: positive
Sample 1201: negative
Sample 1202: negative
Sample 1203: neutral
Sample 1204: positive
Sample 1205: neutral
Sample 1206: negative
Sample 1207: neutral
Sample 1208: negative
Sample 1209: neutral
Sample 1210: negative
Sample 1211: negative
Sample 1212: negative
Sample 1213: positive
Sample 1214: negative
Sample 1215: positive
Sample 1216: negative
Sample 1217: positive
Sample 1218: negative
Sample 1219: negative
Sample 1220: neutral
Sample 1221: neutral
Sample 1222: negative
Sample 1223: negative
Sample 1224: negative
Sample 1225: positive
Sample 1226: negative
Sample 1227: negative
Sample 1228: negative
Sample 1229: negative
Sample 1230: negative
Sample 1231: negative
Sample 1232: positive
Sample 1233: negative
Sample 1234: negative
Sample 1235: negative
Sample 1236: negative
Sample 1237: negative
Sample 1238: positive
Sample 1239: negative
Sample 1240: positive
Sample 1241: negative
Sample 1242: negative
Sample 1243: negative
Sample 1244: neutral
Sample 1245: negative
Sample 1246: negative
Sample 1247: positive
Sample 1248: negative
Sample 1249: negative
Sample 1250: positive
Sample 1251: positive
Sample 1252: negative
Sample 1253: negative
Sample 1254: negative
Sample 1255: positive
Sample 1256: negative
Sample 1257: positive
Sample 1258: neutral
Sample 1259: positive
Sample 1260: negative
Sample 1261: neutral
Sample 1262: positive
Sample 1263: positive
Sample 1264: negative
Sample 1265: negative
Sample 1266: negative
Sample 1267: negative
Sample 1268: neutral
Sample 1269: negative
Sample 1270: positive
Sample 1271: positive
Sample 1272: neutral
Sample 1273: neutral
Sample 1274: negative
Sample 1275: neutral
Sample 1276: negative
Sample 1277: negative
Sample 1278: negative
Sample 1279: neutral
Sample 1280: neutral
Sample 1281: neutral
Sample 1282: neutral
Sample 1283: negative
Sample 1284: negative
Sample 1285: neutral
Sample 1286: negative
Sample 1287: negative
Sample 1288: positive
Sample 1289: positive
Sample 1290: positive
Sample 1291: positive
Sample 1292: neutral
Sample 1293: positive
Sample 1294: negative
Sample 1295: neutral
Sample 1296: negative
Sample 1297: negative
Sample 1298: neutral
Sample 1299: positive
Sample 1300: negative
Sample 1301: negative
Sample 1302: positive
Sample 1303: negative
Sample 1304: positive
Sample 1305: neutral
Sample 1306: negative
Sample 1307: positive
Sample 1308: neutral
Sample 1309: positive
Sample 1310: negative
Sample 1311: positive
Sample 1312: positive
Sample 1313: negative
Sample 1314: negative
Sample 1315: negative
Sample 1316: positive
Sample 1317: negative
Sample 1318: positive
Sample 1319: negative
Sample 1320: negative
Sample 1321: positive
Sample 1322: positive
Sample 1323: neutral
Sample 1324: positive
Sample 1325: negative
Sample 1326: positive
Sample 1327: negative
Sample 1328: positive
Sample 1329: positive
Sample 1330: positive
Sample 1331: positive
Sample 1332: negative
Sample 1333: neutral
Sample 1334: negative
Sample 1335: neutral
Sample 1336: negative
Sample 1337: negative
Sample 1338: positive
Sample 1339: positive
Sample 1340: neutral
Sample 1341: neutral
Sample 1342: positive
Sample 1343: negative
Sample 1344: negative
Sample 1345: negative
Sample 1346: negative
Sample 1347: positive
Sample 1348: negative
Sample 1349: positive
Sample 1350: negative
Sample 1351: negative
Sample 1352: positive
Sample 1353: negative
Sample 1354: negative
Sample 1355: negative
Sample 1356: negative
Sample 1357: negative
Sample 1358: negative
Sample 1359: neutral
Sample 1360: neutral
Sample 1361: negative
Sample 1362: positive
Sample 1363: positive
Sample 1364: negative
Sample 1365: neutral
Sample 1366: negative
Sample 1367: positive
Sample 1368: positive
Sample 1369: negative
Sample 1370: negative
Sample 1371: neutral
Sample 1372: positive
Sample 1373: positive
Sample 1374: positive
Sample 1375: negative
Sample 1376: negative
Sample 1377: neutral
Sample 1378: negative
Sample 1379: neutral
Sample 1380: neutral
Sample 1381: neutral
Sample 1382: negative
Sample 1383: negative
Sample 1384: negative
Sample 1385: positive
Sample 1386: negative
Sample 1387: negative
Sample 1388: negative
Sample 1389: neutral
Sample 1390: negative
Sample 1391: negative
Sample 1392: positive
Sample 1393: negative
Sample 1394: negative
Sample 1395: positive
Sample 1396: negative
Sample 1397: negative
Sample 1398: neutral
Sample 1399: positive
Sample 1400: neutral
Sample 1401: positive
Sample 1402: negative
Sample 1403: neutral
Sample 1404: neutral
Sample 1405: negative
Sample 1406: neutral
Sample 1407: neutral
Sample 1408: neutral
Sample 1409: negative
Sample 1410: negative
Sample 1411: negative
Sample 1412: negative
Sample 1413: negative
Sample 1414: negative
Sample 1415: negative
Sample 1416: negative
Sample 1417: negative
Sample 1418: negative
Sample 1419: positive
Sample 1420: neutral
Sample 1421: negative
Sample 1422: negative
Sample 1423: negative
Sample 1424: positive
Sample 1425: neutral
Sample 1426: neutral
Sample 1427: negative
Sample 1428: positive
Sample 1429: negative
Sample 1430: negative
Sample 1431: negative
Sample 1432: negative
Sample 1433: negative
Sample 1434: positive
Sample 1435: negative
Sample 1436: negative
Sample 1437: negative
Sample 1438: positive
Sample 1439: negative
Sample 1440: negative
Sample 1441: neutral
Sample 1442: negative
Sample 1443: negative
Sample 1444: negative
Sample 1445: negative
Sample 1446: negative
Sample 1447: positive
Sample 1448: negative
Sample 1449: negative
Sample 1450: positive
Sample 1451: negative
Sample 1452: negative
Sample 1453: negative
Sample 1454: negative
Sample 1455: negative
Sample 1456: negative
Sample 1457: neutral
Sample 1458: negative
Sample 1459: neutral
Sample 1460: positive
Sample 1461: negative
Sample 1462: negative
Sample 1463: negative
Sample 1464: negative
Sample 1465: positive
Sample 1466: negative
Sample 1467: negative
Sample 1468: positive
Sample 1469: negative
Sample 1470: negative
Sample 1471: negative
Sample 1472: neutral
Sample 1473: negative
Sample 1474: neutral
Sample 1475: negative
Sample 1476: positive
Sample 1477: negative
Sample 1478: negative
Sample 1479: positive
Sample 1480: negative
Sample 1481: negative
Sample 1482: neutral
Sample 1483: positive
Sample 1484: negative
Sample 1485: negative
Sample 1486: positive
Sample 1487: negative
Sample 1488: negative
Sample 1489: neutral
Sample 1490: neutral
Sample 1491: negative
Sample 1492: neutral
Sample 1493: positive
Sample 1494: negative
Sample 1495: positive
Sample 1496: positive
Sample 1497: positive
Sample 1498: negative
Sample 1499: positive
Sample 1500: positive
Sample 1501: neutral
Sample 1502: neutral
Sample 1503: positive
Sample 1504: negative
Sample 1505: neutral
Sample 1506: neutral
Sample 1507: negative
Sample 1508: neutral
Sample 1509: positive
Sample 1510: neutral
Sample 1511: negative
Sample 1512: negative
Sample 1513: positive
Sample 1514: neutral
Sample 1515: neutral
Sample 1516: negative
Sample 1517: negative
Sample 1518: neutral
Sample 1519: negative
Sample 1520: negative
Sample 1521: positive
Sample 1522: neutral
Sample 1523: neutral
Sample 1524: negative
Sample 1525: negative
Sample 1526: neutral
Sample 1527: positive
Sample 1528: negative
Sample 1529: negative
Sample 1530: negative
Sample 1531: positive
Sample 1532: negative
Sample 1533: neutral
Sample 1534: negative
Sample 1535: negative
Sample 1536: negative
Sample 1537: positive
Sample 1538: neutral
Sample 1539: negative
Sample 1540: negative
Sample 1541: negative
Sample 1542: negative
Sample 1543: negative
Sample 1544: negative
Sample 1545: neutral
Sample 1546: positive
Sample 1547: negative
Sample 1548: negative
Sample 1549: negative
Sample 1550: negative
Sample 1551: positive
Sample 1552: negative
Sample 1553: negative
Sample 1554: negative
Sample 1555: neutral
Sample 1556: positive
Sample 1557: positive
Sample 1558: positive
Sample 1559: negative
Sample 1560: negative
Sample 1561: positive
Sample 1562: negative
Sample 1563: positive
Sample 1564: positive
Sample 1565: neutral
Sample 1566: negative
Sample 1567: negative
Sample 1568: negative
Sample 1569: neutral
Sample 1570: negative
Sample 1571: neutral
Sample 1572: negative
Sample 1573: neutral
Sample 1574: positive
Sample 1575: negative
Sample 1576: negative
Sample 1577: neutral
Sample 1578: negative
Sample 1579: neutral
Sample 1580: positive
Sample 1581: negative
Sample 1582: negative
Sample 1583: positive
Sample 1584: neutral
Sample 1585: neutral
Sample 1586: negative

real	116m30.122s
user	0m12.241s
sys	0m2.760s

Ending script...
Sun Feb 16 02:37:55 EST 2025
